j:\原--数据\桌面\timed-pn\timedpn\timedpn\debug\vc141.pdb
j:\原--数据\桌面\timed-pn\timedpn\timedpn\debug\vc141.idb
j:\原--数据\桌面\timed-pn\timedpn\timedpn\debug\timedpn.obj
j:\原--数据\桌面\timed-pn\timedpn\timedpn\debug\orthogonallist.obj
j:\原--数据\桌面\timed-pn\timedpn\timedpn\debug\new_or_old.obj
j:\原--数据\桌面\timed-pn\timedpn\timedpn\debug\transfirecondition.obj
j:\原--数据\桌面\timed-pn\timedpn\timedpn\debug\output.obj
j:\原--数据\桌面\timed-pn\timedpn\timedpn\debug\initialize.obj
j:\原--数据\桌面\timed-pn\timedpn\timedpn\debug\data_read.obj
j:\原--数据\桌面\timed-pn\timedpn\timedpn\debug\createnode.obj
j:\原--数据\桌面\timed-pn\timedpn\timedpn\debug\back_tree.obj
j:\原--数据\桌面\timed-pn\timedpn\timedpn\debug\addnewnode.obj
j:\原--数据\桌面\timed-pn\timedpn\debug\timedpn.exe
j:\原--数据\桌面\timed-pn\timedpn\debug\timedpn.ilk
j:\原--数据\桌面\timed-pn\timedpn\debug\timedpn.pdb
j:\原--数据\桌面\timed-pn\timedpn\timedpn\debug\pch.obj
j:\原--数据\桌面\timed-pn\timedpn\timedpn\debug\tree.obj
j:\原--数据\桌面\timed-pn\timedpn\timedpn\debug\orthogonallist.obj.enc
j:\原--数据\桌面\timed-pn\timedpn\timedpn\debug\timedpn.pch
j:\原--数据\桌面\timed-pn\timedpn\timedpn\debug\timedpn.tlog\cl.command.1.tlog
j:\原--数据\桌面\timed-pn\timedpn\timedpn\debug\timedpn.tlog\cl.read.1.tlog
j:\原--数据\桌面\timed-pn\timedpn\timedpn\debug\timedpn.tlog\cl.write.1.tlog
j:\原--数据\桌面\timed-pn\timedpn\timedpn\debug\timedpn.tlog\link.command.1.tlog
j:\原--数据\桌面\timed-pn\timedpn\timedpn\debug\timedpn.tlog\link.read.1.tlog
j:\原--数据\桌面\timed-pn\timedpn\timedpn\debug\timedpn.tlog\link.write.1.tlog
